# JRE version: Java(TM) SE Runtime Environment (8.0_51-b16) (build 1.8.0_51-b16)
# Java VM: Java HotSpot(TM) 64-Bit Server VM (25.51-b03 mixed mode windows-amd64 compressed oops)
Heap:
 PSYoungGen      total 144896K, used 2572K [0x00000000d6600000, 0x00000000e0300000, 0x0000000100000000)
  eden space 130560K, 1% used [0x00000000d6600000,0x00000000d68833e8,0x00000000de580000)
  from space 14336K, 0% used [0x00000000df400000,0x00000000df400000,0x00000000e0200000)
  to   space 14848K, 0% used [0x00000000de580000,0x00000000de580000,0x00000000df400000)
 ParOldGen       total 77312K, used 20359K [0x0000000083200000, 0x0000000087d80000, 0x00000000d6600000)
  object space 77312K, 26% used [0x0000000083200000,0x00000000845e1e60,0x0000000087d80000)
 Metaspace       used 20901K, capacity 21214K, committed 21504K, reserved 1069056K
  class space    used 2657K, capacity 2757K, committed 2816K, reserved 1048576K
GC Heap History (10 events):
Event: 0.807 GC heap before
{Heap before GC invocations=3 (full 0):
 PSYoungGen      total 37888K, used 37886K [0x00000000d6600000, 0x00000000db000000, 0x0000000100000000)
  eden space 32768K, 100% used [0x00000000d6600000,0x00000000d8600000,0x00000000d8600000)
  from space 5120K, 99% used [0x00000000d8b00000,0x00000000d8fff9d8,0x00000000d9000000)
  to   space 5120K, 0% used [0x00000000d8600000,0x00000000d8600000,0x00000000d8b00000)
 ParOldGen       total 86016K, used 10302K [0x0000000083200000, 0x0000000088600000, 0x00000000d6600000)
  object space 86016K, 11% used [0x0000000083200000,0x0000000083c0f910,0x0000000088600000)
 Metaspace       used 11457K, capacity 11604K, committed 11776K, reserved 1058816K
  class space    used 1468K, capacity 1494K, committed 1536K, reserved 1048576K
Event: 0.812 GC heap after
Heap after GC invocations=3 (full 0):
 PSYoungGen      total 37888K, used 5099K [0x00000000d6600000, 0x00000000db000000, 0x0000000100000000)
  eden space 32768K, 0% used [0x00000000d6600000,0x00000000d6600000,0x00000000d8600000)
  from space 5120K, 99% used [0x00000000d8600000,0x00000000d8afadb8,0x00000000d8b00000)
  to   space 5120K, 0% used [0x00000000dab00000,0x00000000dab00000,0x00000000db000000)
 ParOldGen       total 86016K, used 15694K [0x0000000083200000, 0x0000000088600000, 0x00000000d6600000)
  object space 86016K, 18% used [0x0000000083200000,0x0000000084153b58,0x0000000088600000)
 Metaspace       used 11457K, capacity 11604K, committed 11776K, reserved 1058816K
  class space    used 1468K, capacity 1494K, committed 1536K, reserved 1048576K
}
Event: 1.126 GC heap before
{Heap before GC invocations=4 (full 0):
 PSYoungGen      total 37888K, used 37857K [0x00000000d6600000, 0x00000000db000000, 0x0000000100000000)
  eden space 32768K, 99% used [0x00000000d6600000,0x00000000d85fd9d0,0x00000000d8600000)
  from space 5120K, 99% used [0x00000000d8600000,0x00000000d8afadb8,0x00000000d8b00000)
  to   space 5120K, 0% used [0x00000000dab00000,0x00000000dab00000,0x00000000db000000)
 ParOldGen       total 86016K, used 15694K [0x0000000083200000, 0x0000000088600000, 0x00000000d6600000)
  object space 86016K, 18% used [0x0000000083200000,0x0000000084153b58,0x0000000088600000)
 Metaspace       used 15379K, capacity 15498K, committed 15744K, reserved 1062912K
  class space    used 2026K, capacity 2079K, committed 2176K, reserved 1048576K
Event: 1.132 GC heap after
Heap after GC invocations=4 (full 0):
 PSYoungGen      total 70656K, used 5109K [0x00000000d6600000, 0x00000000db000000, 0x0000000100000000)
  eden space 65536K, 0% used [0x00000000d6600000,0x00000000d6600000,0x00000000da600000)
  from space 5120K, 99% used [0x00000000dab00000,0x00000000daffd458,0x00000000db000000)
  to   space 5120K, 0% used [0x00000000da600000,0x00000000da600000,0x00000000dab00000)
 ParOldGen       total 86016K, used 22774K [0x0000000083200000, 0x0000000088600000, 0x00000000d6600000)
  object space 86016K, 26% used [0x0000000083200000,0x000000008483da80,0x0000000088600000)
 Metaspace       used 15379K, capacity 15498K, committed 15744K, reserved 1062912K
  class space    used 2026K, capacity 2079K, committed 2176K, reserved 1048576K
}
Event: 1.911 GC heap before
{Heap before GC invocations=5 (full 0):
 PSYoungGen      total 70656K, used 70645K [0x00000000d6600000, 0x00000000db000000, 0x0000000100000000)
  eden space 65536K, 100% used [0x00000000d6600000,0x00000000da600000,0x00000000da600000)
  from space 5120K, 99% used [0x00000000dab00000,0x00000000daffd458,0x00000000db000000)
  to   space 5120K, 0% used [0x00000000da600000,0x00000000da600000,0x00000000dab00000)
 ParOldGen       total 86016K, used 22774K [0x0000000083200000, 0x0000000088600000, 0x00000000d6600000)
  object space 86016K, 26% used [0x0000000083200000,0x000000008483da80,0x0000000088600000)
 Metaspace       used 20232K, capacity 20478K, committed 20608K, reserved 1067008K
  class space    used 2580K, capacity 2661K, committed 2688K, reserved 1048576K
Event: 1.919 GC heap after
Heap after GC invocations=5 (full 0):
 PSYoungGen      total 70656K, used 5101K [0x00000000d6600000, 0x00000000e0200000, 0x0000000100000000)
  eden space 65536K, 0% used [0x00000000d6600000,0x00000000d6600000,0x00000000da600000)
  from space 5120K, 99% used [0x00000000da600000,0x00000000daafb470,0x00000000dab00000)
  to   space 14336K, 0% used [0x00000000df400000,0x00000000df400000,0x00000000e0200000)
 ParOldGen       total 86016K, used 28890K [0x0000000083200000, 0x0000000088600000, 0x00000000d6600000)
  object space 86016K, 33% used [0x0000000083200000,0x0000000084e369a0,0x0000000088600000)
 Metaspace       used 20232K, capacity 20478K, committed 20608K, reserved 1067008K
  class space    used 2580K, capacity 2661K, committed 2688K, reserved 1048576K
}
Event: 2.039 GC heap before
{Heap before GC invocations=6 (full 0):
 PSYoungGen      total 70656K, used 7816K [0x00000000d6600000, 0x00000000e0200000, 0x0000000100000000)
  eden space 65536K, 4% used [0x00000000d6600000,0x00000000d68a6de0,0x00000000da600000)
  from space 5120K, 99% used [0x00000000da600000,0x00000000daafb470,0x00000000dab00000)
  to   space 14336K, 0% used [0x00000000df400000,0x00000000df400000,0x00000000e0200000)
 ParOldGen       total 86016K, used 28890K [0x0000000083200000, 0x0000000088600000, 0x00000000d6600000)
  object space 86016K, 33% used [0x0000000083200000,0x0000000084e369a0,0x0000000088600000)
 Metaspace       used 20888K, capacity 21150K, committed 21248K, reserved 1067008K
  class space    used 2654K, capacity 2757K, committed 2816K, reserved 1048576K
Event: 2.045 GC heap after
Heap after GC invocations=6 (full 0):
 PSYoungGen      total 144896K, used 6703K [0x00000000d6600000, 0x00000000e0300000, 0x0000000100000000)
  eden space 130560K, 0% used [0x00000000d6600000,0x00000000d6600000,0x00000000de580000)
  from space 14336K, 46% used [0x00000000df400000,0x00000000dfa8bc78,0x00000000e0200000)
  to   space 14848K, 0% used [0x00000000de580000,0x00000000de580000,0x00000000df400000)
 ParOldGen       total 86016K, used 28890K [0x0000000083200000, 0x0000000088600000, 0x00000000d6600000)
  object space 86016K, 33% used [0x0000000083200000,0x0000000084e369a0,0x0000000088600000)
 Metaspace       used 20888K, capacity 21150K, committed 21248K, reserved 1067008K
  class space    used 2654K, capacity 2757K, committed 2816K, reserved 1048576K
}
Event: 2.045 GC heap before
{Heap before GC invocations=7 (full 1):
 PSYoungGen      total 144896K, used 6703K [0x00000000d6600000, 0x00000000e0300000, 0x0000000100000000)
  eden space 130560K, 0% used [0x00000000d6600000,0x00000000d6600000,0x00000000de580000)
  from space 14336K, 46% used [0x00000000df400000,0x00000000dfa8bc78,0x00000000e0200000)
  to   space 14848K, 0% used [0x00000000de580000,0x00000000de580000,0x00000000df400000)
 ParOldGen       total 86016K, used 28890K [0x0000000083200000, 0x0000000088600000, 0x00000000d6600000)
  object space 86016K, 33% used [0x0000000083200000,0x0000000084e369a0,0x0000000088600000)
 Metaspace       used 20888K, capacity 21150K, committed 21248K, reserved 1067008K
  class space    used 2654K, capacity 2757K, committed 2816K, reserved 1048576K
Event: 2.089 GC heap after
Heap after GC invocations=7 (full 1):
 PSYoungGen      total 144896K, used 0K [0x00000000d6600000, 0x00000000e0300000, 0x0000000100000000)
  eden space 130560K, 0% used [0x00000000d6600000,0x00000000d6600000,0x00000000de580000)
  from space 14336K, 0% used [0x00000000df400000,0x00000000df400000,0x00000000e0200000)
  to   space 14848K, 0% used [0x00000000de580000,0x00000000de580000,0x00000000df400000)
 ParOldGen       total 77312K, used 20359K [0x0000000083200000, 0x0000000087d80000, 0x00000000d6600000)
  object space 77312K, 26% used [0x0000000083200000,0x00000000845e1e60,0x0000000087d80000)
 Metaspace       used 20888K, capacity 21150K, committed 21248K, reserved 1067008K
  class space    used 2654K, capacity 2757K, committed 2816K, reserved 1048576K
}

